2035-01-00 16:09:14 eve libys [router::router_init] not_found_handler is NULL, registering fallback handler
2035-01-00 16:09:14 eve libys [router::router_init] method_not_allowed_handler is NULL, registering fallback handler
2035-01-00 16:09:14 eve libys [router::router_init] internal_error_handler is NULL, registering fallback handler
2035-01-00 16:09:14 eve libys [server::server_start] Listening on port 8000...
2035-01-00 16:09:20 eve libys [server::server_start] accepted connection from new client; spawning handler thread...
2035-01-00 16:09:20 eve libys [server::client_thread_handler] client request received: GET /
2035-01-00 21:25:57 eve libys	[router::router_init] not_found_handler is NULL, registering fallback handler
2035-01-00 21:25:57 eve libys	[router::router_init] method_not_allowed_handler is NULL, registering fallback handler
2035-01-00 21:25:57 eve libys	[router::router_init] internal_error_handler is NULL, registering fallback handler
2035-01-00 21:25:57 eve libys	[server::server_start] Listening on port 8000...
2035-01-00 21:26:52 eve libys	[server::poll_client_connections] accepted connection from new client; spawning handler thread...
2035-01-00 21:26:52 eve libys	[server::client_thread_handler] client request received: GET /
2035-01-00 21:27:04 eve libys	[server::poll_client_connections] accepted connection from new client; spawning handler thread...
2035-01-00 21:27:04 eve libys	[server::client_thread_handler] client request received: GET /test
2035-01-00 21:27:04 eve libys	[router::default_not_found_handler] default 404 handler in effect at request path /test
2035-01-00 21:27:14 eve libys	[server::poll_client_connections] accepted connection from new client; spawning handler thread...
2035-01-00 21:27:14 eve libys	[server::client_thread_handler] client request received: GET /test/route
2035-01-00 21:27:14 eve libys	[router::default_not_found_handler] default 404 handler in effect at request path /test/route
2035-01-00 21:30:18 eve libys	Caught SIGINT signal, shutting down...
2035-01-00 06:25:45 eve libys	[server::server_start] Listening on port 8000...
2035-01-00 06:26:02 eve libys	[server::client_thread_handler] client request received: GET /
2035-01-00 06:26:04 eve libys	Caught SIGINT signal, shutting down...
